{"/Users/junlee/Desktop/OSP/DockerPulse/ui/src/App.tsx": {"path":"/Users/junlee/Desktop/OSP/DockerPulse/ui/src/App.tsx","statementMap":{"0":{"start":{"line":9,"column":2},"end":{"line":19,"column":4}}},"fnMap":{"0":{"name":"App","decl":{"start":{"line":8,"column":24},"end":{"line":8,"column":27}},"loc":{"start":{"line":8,"column":30},"end":{"line":20,"column":1}},"line":8}},"branchMap":{},"s":{"0":0},"f":{"0":0},"b":{}}
,"/Users/junlee/Desktop/OSP/DockerPulse/ui/src/main.tsx": {"path":"/Users/junlee/Desktop/OSP/DockerPulse/ui/src/main.tsx","statementMap":{"0":{"start":{"line":9,"column":0},"end":{"line":23,"column":2}}},"fnMap":{},"branchMap":{},"s":{"0":0},"f":{},"b":{}}
,"/Users/junlee/Desktop/OSP/DockerPulse/ui/src/types.ts": {"path":"/Users/junlee/Desktop/OSP/DockerPulse/ui/src/types.ts","statementMap":{},"fnMap":{},"branchMap":{},"s":{},"f":{},"b":{}}
,"/Users/junlee/Desktop/OSP/DockerPulse/ui/src/actions/fetchAllContainerLogs.ts": {"path":"/Users/junlee/Desktop/OSP/DockerPulse/ui/src/actions/fetchAllContainerLogs.ts","statementMap":{"0":{"start":{"line":7,"column":2},"end":{"line":55,"column":3}},"1":{"start":{"line":9,"column":25},"end":{"line":37,"column":6}},"2":{"start":{"line":10,"column":6},"end":{"line":36,"column":9}},"3":{"start":{"line":11,"column":8},"end":{"line":35,"column":39}},"4":{"start":{"line":16,"column":31},"end":{"line":21,"column":13}},"5":{"start":{"line":25,"column":31},"end":{"line":30,"column":13}},"6":{"start":{"line":33,"column":12},"end":{"line":33,"column":52}},"7":{"start":{"line":35,"column":26},"end":{"line":35,"column":37}},"8":{"start":{"line":40,"column":27},"end":{"line":40,"column":65}},"9":{"start":{"line":42,"column":31},"end":{"line":42,"column":33}},"10":{"start":{"line":43,"column":4},"end":{"line":49,"column":5}},"11":{"start":{"line":44,"column":6},"end":{"line":48,"column":7}},"12":{"start":{"line":45,"column":8},"end":{"line":45,"column":47}},"13":{"start":{"line":47,"column":8},"end":{"line":47,"column":77}},"14":{"start":{"line":51,"column":4},"end":{"line":51,"column":19}},"15":{"start":{"line":53,"column":4},"end":{"line":53,"column":60}},"16":{"start":{"line":54,"column":4},"end":{"line":54,"column":14}},"17":{"start":{"line":65,"column":2},"end":{"line":79,"column":7}},"18":{"start":{"line":67,"column":19},"end":{"line":67,"column":20}},"19":{"start":{"line":69,"column":25},"end":{"line":69,"column":39}},"20":{"start":{"line":70,"column":19},"end":{"line":70,"column":41}},"21":{"start":{"line":71,"column":18},"end":{"line":71,"column":41}},"22":{"start":{"line":72,"column":6},"end":{"line":78,"column":21}}},"fnMap":{"0":{"name":"fetchAllContainerLogs","decl":{"start":{"line":3,"column":30},"end":{"line":3,"column":51}},"loc":{"start":{"line":6,"column":2},"end":{"line":56,"column":1}},"line":6},"1":{"name":"(anonymous_1)","decl":{"start":{"line":9,"column":43},"end":{"line":9,"column":44}},"loc":{"start":{"line":9,"column":58},"end":{"line":37,"column":5}},"line":9},"2":{"name":"(anonymous_2)","decl":{"start":{"line":10,"column":38},"end":{"line":10,"column":39}},"loc":{"start":{"line":10,"column":59},"end":{"line":36,"column":7}},"line":10},"3":{"name":"(anonymous_3)","decl":{"start":{"line":13,"column":16},"end":{"line":13,"column":17}},"loc":{"start":{"line":13,"column":32},"end":{"line":34,"column":11}},"line":13},"4":{"name":"(anonymous_4)","decl":{"start":{"line":35,"column":17},"end":{"line":35,"column":18}},"loc":{"start":{"line":35,"column":26},"end":{"line":35,"column":37}},"line":35},"5":{"name":"parseLogsString","decl":{"start":{"line":59,"column":9},"end":{"line":59,"column":24}},"loc":{"start":{"line":64,"column":15},"end":{"line":80,"column":1}},"line":64},"6":{"name":"(anonymous_6)","decl":{"start":{"line":67,"column":12},"end":{"line":67,"column":13}},"loc":{"start":{"line":67,"column":19},"end":{"line":67,"column":20}},"line":67},"7":{"name":"(anonymous_7)","decl":{"start":{"line":68,"column":9},"end":{"line":68,"column":10}},"loc":{"start":{"line":68,"column":16},"end":{"line":79,"column":5}},"line":68}},"branchMap":{"0":{"loc":{"start":{"line":44,"column":6},"end":{"line":48,"column":7}},"type":"if","locations":[{"start":{"line":44,"column":6},"end":{"line":48,"column":7}},{"start":{"line":46,"column":13},"end":{"line":48,"column":7}}],"line":44}},"s":{"0":0,"1":0,"2":0,"3":0,"4":0,"5":0,"6":0,"7":0,"8":0,"9":0,"10":0,"11":0,"12":0,"13":0,"14":0,"15":0,"16":0,"17":0,"18":0,"19":0,"20":0,"21":0,"22":0},"f":{"0":0,"1":0,"2":0,"3":0,"4":0,"5":0,"6":0,"7":0},"b":{"0":[0,0]}}
,"/Users/junlee/Desktop/OSP/DockerPulse/ui/src/actions/fetchAllContainers.ts": {"path":"/Users/junlee/Desktop/OSP/DockerPulse/ui/src/actions/fetchAllContainers.ts","statementMap":{"0":{"start":{"line":4,"column":2},"end":{"line":4,"column":84}}},"fnMap":{"0":{"name":"fetchAllContainers","decl":{"start":{"line":3,"column":30},"end":{"line":3,"column":48}},"loc":{"start":{"line":3,"column":69},"end":{"line":5,"column":1}},"line":3}},"branchMap":{},"s":{"0":0},"f":{"0":0},"b":{}}
,"/Users/junlee/Desktop/OSP/DockerPulse/ui/src/components/AlertDialog/AlertDialog.tsx": {"path":"/Users/junlee/Desktop/OSP/DockerPulse/ui/src/components/AlertDialog/AlertDialog.tsx","statementMap":{"0":{"start":{"line":27,"column":25},"end":{"line":30,"column":1}},"1":{"start":{"line":33,"column":38},"end":{"line":33,"column":67}},"2":{"start":{"line":35,"column":28},"end":{"line":41,"column":4}},"3":{"start":{"line":43,"column":2},"end":{"line":52,"column":9}},"4":{"start":{"line":44,"column":4},"end":{"line":51,"column":9}},"5":{"start":{"line":45,"column":6},"end":{"line":50,"column":7}},"6":{"start":{"line":46,"column":27},"end":{"line":46,"column":61}},"7":{"start":{"line":47,"column":8},"end":{"line":47,"column":34}},"8":{"start":{"line":49,"column":8},"end":{"line":49,"column":27}},"9":{"start":{"line":54,"column":22},"end":{"line":57,"column":3}},"10":{"start":{"line":55,"column":21},"end":{"line":55,"column":81}},"11":{"start":{"line":56,"column":4},"end":{"line":56,"column":26}},"12":{"start":{"line":59,"column":2},"end":{"line":159,"column":4}},"13":{"start":{"line":60,"column":45},"end":{"line":60,"column":65}},"14":{"start":{"line":70,"column":31},"end":{"line":70,"column":75}},"15":{"start":{"line":82,"column":31},"end":{"line":82,"column":82}},"16":{"start":{"line":86,"column":16},"end":{"line":86,"column":77}},"17":{"start":{"line":99,"column":16},"end":{"line":99,"column":89}},"18":{"start":{"line":116,"column":31},"end":{"line":116,"column":90}},"19":{"start":{"line":139,"column":31},"end":{"line":139,"column":76}},"20":{"start":{"line":146,"column":46},"end":{"line":146,"column":66}},"21":{"start":{"line":151,"column":12},"end":{"line":151,"column":26}},"22":{"start":{"line":152,"column":12},"end":{"line":152,"column":33}}},"fnMap":{"0":{"name":"AlertDialog","decl":{"start":{"line":32,"column":24},"end":{"line":32,"column":35}},"loc":{"start":{"line":32,"column":95},"end":{"line":160,"column":1}},"line":32},"1":{"name":"(anonymous_1)","decl":{"start":{"line":43,"column":12},"end":{"line":43,"column":13}},"loc":{"start":{"line":43,"column":18},"end":{"line":52,"column":3}},"line":43},"2":{"name":"(anonymous_2)","decl":{"start":{"line":44,"column":5},"end":{"line":44,"column":6}},"loc":{"start":{"line":44,"column":17},"end":{"line":51,"column":5}},"line":44},"3":{"name":"(anonymous_3)","decl":{"start":{"line":54,"column":22},"end":{"line":54,"column":23}},"loc":{"start":{"line":54,"column":34},"end":{"line":57,"column":3}},"line":54},"4":{"name":"(anonymous_4)","decl":{"start":{"line":60,"column":39},"end":{"line":60,"column":40}},"loc":{"start":{"line":60,"column":45},"end":{"line":60,"column":65}},"line":60},"5":{"name":"(anonymous_5)","decl":{"start":{"line":70,"column":24},"end":{"line":70,"column":25}},"loc":{"start":{"line":70,"column":31},"end":{"line":70,"column":75}},"line":70},"6":{"name":"(anonymous_6)","decl":{"start":{"line":82,"column":24},"end":{"line":82,"column":25}},"loc":{"start":{"line":82,"column":31},"end":{"line":82,"column":82}},"line":82},"7":{"name":"(anonymous_7)","decl":{"start":{"line":85,"column":31},"end":{"line":85,"column":32}},"loc":{"start":{"line":86,"column":16},"end":{"line":86,"column":77}},"line":86},"8":{"name":"(anonymous_8)","decl":{"start":{"line":98,"column":24},"end":{"line":98,"column":25}},"loc":{"start":{"line":99,"column":16},"end":{"line":99,"column":89}},"line":99},"9":{"name":"(anonymous_9)","decl":{"start":{"line":116,"column":24},"end":{"line":116,"column":25}},"loc":{"start":{"line":116,"column":31},"end":{"line":116,"column":90}},"line":116},"10":{"name":"(anonymous_10)","decl":{"start":{"line":139,"column":24},"end":{"line":139,"column":25}},"loc":{"start":{"line":139,"column":31},"end":{"line":139,"column":76}},"line":139},"11":{"name":"(anonymous_11)","decl":{"start":{"line":146,"column":40},"end":{"line":146,"column":41}},"loc":{"start":{"line":146,"column":46},"end":{"line":146,"column":66}},"line":146},"12":{"name":"(anonymous_12)","decl":{"start":{"line":150,"column":19},"end":{"line":150,"column":20}},"loc":{"start":{"line":150,"column":25},"end":{"line":153,"column":11}},"line":150}},"branchMap":{"0":{"loc":{"start":{"line":89,"column":29},"end":{"line":89,"column":66}},"type":"binary-expr","locations":[{"start":{"line":89,"column":29},"end":{"line":89,"column":59}},{"start":{"line":89,"column":63},"end":{"line":89,"column":66}}],"line":89}},"s":{"0":0,"1":0,"2":0,"3":0,"4":0,"5":0,"6":0,"7":0,"8":0,"9":0,"10":0,"11":0,"12":0,"13":0,"14":0,"15":0,"16":0,"17":0,"18":0,"19":0,"20":0,"21":0,"22":0},"f":{"0":0,"1":0,"2":0,"3":0,"4":0,"5":0,"6":0,"7":0,"8":0,"9":0,"10":0,"11":0,"12":0},"b":{"0":[0,0]}}
,"/Users/junlee/Desktop/OSP/DockerPulse/ui/src/components/ContainerIcon/ContainerIcon.tsx": {"path":"/Users/junlee/Desktop/OSP/DockerPulse/ui/src/components/ContainerIcon/ContainerIcon.tsx","statementMap":{"0":{"start":{"line":4,"column":2},"end":{"line":12,"column":4}}},"fnMap":{"0":{"name":"ContainerIcon","decl":{"start":{"line":3,"column":24},"end":{"line":3,"column":37}},"loc":{"start":{"line":3,"column":59},"end":{"line":13,"column":1}},"line":3}},"branchMap":{},"s":{"0":0},"f":{"0":0},"b":{}}
,"/Users/junlee/Desktop/OSP/DockerPulse/ui/src/components/FilterDrawer/FilterDrawer.tsx": {"path":"/Users/junlee/Desktop/OSP/DockerPulse/ui/src/components/FilterDrawer/FilterDrawer.tsx","statementMap":{"0":{"start":{"line":40,"column":29},"end":{"line":40,"column":59}},"1":{"start":{"line":41,"column":30},"end":{"line":41,"column":60}},"2":{"start":{"line":43,"column":27},"end":{"line":45,"column":3}},"3":{"start":{"line":44,"column":4},"end":{"line":44,"column":44}},"4":{"start":{"line":48,"column":41},"end":{"line":50,"column":10}},"5":{"start":{"line":49,"column":4},"end":{"line":49,"column":62}},"6":{"start":{"line":49,"column":33},"end":{"line":49,"column":62}},"7":{"start":{"line":52,"column":42},"end":{"line":54,"column":10}},"8":{"start":{"line":53,"column":4},"end":{"line":53,"column":63}},"9":{"start":{"line":53,"column":33},"end":{"line":53,"column":63}},"10":{"start":{"line":57,"column":2},"end":{"line":59,"column":39}},"11":{"start":{"line":58,"column":4},"end":{"line":58,"column":44}},"12":{"start":{"line":61,"column":2},"end":{"line":63,"column":40}},"13":{"start":{"line":62,"column":4},"end":{"line":62,"column":45}},"14":{"start":{"line":65,"column":29},"end":{"line":71,"column":3}},"15":{"start":{"line":66,"column":28},"end":{"line":66,"column":58}},"16":{"start":{"line":66,"column":55},"end":{"line":66,"column":57}},"17":{"start":{"line":67,"column":4},"end":{"line":70,"column":7}},"18":{"start":{"line":73,"column":25},"end":{"line":84,"column":3}},"19":{"start":{"line":75,"column":33},"end":{"line":75,"column":67}},"20":{"start":{"line":77,"column":4},"end":{"line":78,"column":41}},"21":{"start":{"line":77,"column":30},"end":{"line":77,"column":59}},"22":{"start":{"line":78,"column":9},"end":{"line":78,"column":41}},"23":{"start":{"line":80,"column":4},"end":{"line":83,"column":7}},"24":{"start":{"line":86,"column":2},"end":{"line":236,"column":4}},"25":{"start":{"line":87,"column":60},"end":{"line":87,"column":80}},"26":{"start":{"line":108,"column":18},"end":{"line":112,"column":21}},"27":{"start":{"line":125,"column":20},"end":{"line":128,"column":22}},"28":{"start":{"line":140,"column":20},"end":{"line":143,"column":22}},"29":{"start":{"line":168,"column":14},"end":{"line":191,"column":16}},"30":{"start":{"line":188,"column":41},"end":{"line":188,"column":66}},"31":{"start":{"line":218,"column":16},"end":{"line":218,"column":63}},"32":{"start":{"line":228,"column":16},"end":{"line":228,"column":64}}},"fnMap":{"0":{"name":"FilterDrawer","decl":{"start":{"line":29,"column":24},"end":{"line":29,"column":36}},"loc":{"start":{"line":38,"column":22},"end":{"line":237,"column":1}},"line":38},"1":{"name":"(anonymous_1)","decl":{"start":{"line":43,"column":27},"end":{"line":43,"column":28}},"loc":{"start":{"line":43,"column":46},"end":{"line":45,"column":3}},"line":43},"2":{"name":"(anonymous_2)","decl":{"start":{"line":48,"column":50},"end":{"line":48,"column":51}},"loc":{"start":{"line":48,"column":61},"end":{"line":50,"column":3}},"line":48},"3":{"name":"(anonymous_3)","decl":{"start":{"line":52,"column":51},"end":{"line":52,"column":52}},"loc":{"start":{"line":52,"column":62},"end":{"line":54,"column":3}},"line":52},"4":{"name":"(anonymous_4)","decl":{"start":{"line":57,"column":12},"end":{"line":57,"column":13}},"loc":{"start":{"line":57,"column":18},"end":{"line":59,"column":3}},"line":57},"5":{"name":"(anonymous_5)","decl":{"start":{"line":61,"column":12},"end":{"line":61,"column":13}},"loc":{"start":{"line":61,"column":18},"end":{"line":63,"column":3}},"line":61},"6":{"name":"(anonymous_6)","decl":{"start":{"line":65,"column":29},"end":{"line":65,"column":30}},"loc":{"start":{"line":65,"column":77},"end":{"line":71,"column":3}},"line":65},"7":{"name":"(anonymous_7)","decl":{"start":{"line":66,"column":43},"end":{"line":66,"column":44}},"loc":{"start":{"line":66,"column":55},"end":{"line":66,"column":57}},"line":66},"8":{"name":"(anonymous_8)","decl":{"start":{"line":73,"column":25},"end":{"line":73,"column":26}},"loc":{"start":{"line":73,"column":85},"end":{"line":84,"column":3}},"line":73},"9":{"name":"(anonymous_9)","decl":{"start":{"line":87,"column":54},"end":{"line":87,"column":55}},"loc":{"start":{"line":87,"column":60},"end":{"line":87,"column":80}},"line":87},"10":{"name":"(anonymous_10)","decl":{"start":{"line":107,"column":26},"end":{"line":107,"column":27}},"loc":{"start":{"line":107,"column":37},"end":{"line":113,"column":17}},"line":107},"11":{"name":"(anonymous_11)","decl":{"start":{"line":124,"column":28},"end":{"line":124,"column":29}},"loc":{"start":{"line":125,"column":20},"end":{"line":128,"column":22}},"line":125},"12":{"name":"(anonymous_12)","decl":{"start":{"line":139,"column":28},"end":{"line":139,"column":29}},"loc":{"start":{"line":140,"column":20},"end":{"line":143,"column":22}},"line":140},"13":{"name":"(anonymous_13)","decl":{"start":{"line":167,"column":28},"end":{"line":167,"column":29}},"loc":{"start":{"line":168,"column":14},"end":{"line":191,"column":16}},"line":168},"14":{"name":"(anonymous_14)","decl":{"start":{"line":188,"column":30},"end":{"line":188,"column":31}},"loc":{"start":{"line":188,"column":41},"end":{"line":188,"column":66}},"line":188},"15":{"name":"(anonymous_15)","decl":{"start":{"line":217,"column":24},"end":{"line":217,"column":25}},"loc":{"start":{"line":217,"column":31},"end":{"line":219,"column":15}},"line":217},"16":{"name":"(anonymous_16)","decl":{"start":{"line":227,"column":24},"end":{"line":227,"column":25}},"loc":{"start":{"line":227,"column":31},"end":{"line":229,"column":15}},"line":227}},"branchMap":{"0":{"loc":{"start":{"line":49,"column":4},"end":{"line":49,"column":62}},"type":"if","locations":[{"start":{"line":49,"column":4},"end":{"line":49,"column":62}},{"start":{},"end":{}}],"line":49},"1":{"loc":{"start":{"line":53,"column":4},"end":{"line":53,"column":63}},"type":"if","locations":[{"start":{"line":53,"column":4},"end":{"line":53,"column":63}},{"start":{},"end":{}}],"line":53},"2":{"loc":{"start":{"line":69,"column":25},"end":{"line":69,"column":84}},"type":"cond-expr","locations":[{"start":{"line":69,"column":48},"end":{"line":69,"column":72}},{"start":{"line":69,"column":75},"end":{"line":69,"column":84}}],"line":69},"3":{"loc":{"start":{"line":77,"column":4},"end":{"line":78,"column":41}},"type":"if","locations":[{"start":{"line":77,"column":4},"end":{"line":78,"column":41}},{"start":{"line":78,"column":9},"end":{"line":78,"column":41}}],"line":77},"4":{"loc":{"start":{"line":105,"column":25},"end":{"line":105,"column":57}},"type":"binary-expr","locations":[{"start":{"line":105,"column":25},"end":{"line":105,"column":39}},{"start":{"line":105,"column":43},"end":{"line":105,"column":57}}],"line":105},"5":{"loc":{"start":{"line":159,"column":18},"end":{"line":160,"column":70}},"type":"binary-expr","locations":[{"start":{"line":159,"column":18},"end":{"line":159,"column":54}},{"start":{"line":160,"column":18},"end":{"line":160,"column":70}}],"line":159},"6":{"loc":{"start":{"line":220,"column":39},"end":{"line":220,"column":79}},"type":"binary-expr","locations":[{"start":{"line":220,"column":39},"end":{"line":220,"column":72}},{"start":{"line":220,"column":76},"end":{"line":220,"column":79}}],"line":220},"7":{"loc":{"start":{"line":230,"column":39},"end":{"line":230,"column":80}},"type":"binary-expr","locations":[{"start":{"line":230,"column":39},"end":{"line":230,"column":73}},{"start":{"line":230,"column":77},"end":{"line":230,"column":80}}],"line":230}},"s":{"0":0,"1":0,"2":0,"3":0,"4":0,"5":0,"6":0,"7":0,"8":0,"9":0,"10":0,"11":0,"12":0,"13":0,"14":0,"15":0,"16":0,"17":0,"18":0,"19":0,"20":0,"21":0,"22":0,"23":0,"24":0,"25":0,"26":0,"27":0,"28":0,"29":0,"30":0,"31":0,"32":0},"f":{"0":0,"1":0,"2":0,"3":0,"4":0,"5":0,"6":0,"7":0,"8":0,"9":0,"10":0,"11":0,"12":0,"13":0,"14":0,"15":0,"16":0},"b":{"0":[0,0],"1":[0,0],"2":[0,0],"3":[0,0],"4":[0,0],"5":[0,0],"6":[0,0],"7":[0,0]}}
,"/Users/junlee/Desktop/OSP/DockerPulse/ui/src/components/LogsRow/LogsRow.tsx": {"path":"/Users/junlee/Desktop/OSP/DockerPulse/ui/src/components/LogsRow/LogsRow.tsx","statementMap":{"0":{"start":{"line":8,"column":25},"end":{"line":13,"column":1}},"1":{"start":{"line":24,"column":60},"end":{"line":24,"column":67}},"2":{"start":{"line":25,"column":26},"end":{"line":25,"column":50}},"3":{"start":{"line":26,"column":36},"end":{"line":26,"column":48}},"4":{"start":{"line":28,"column":21},"end":{"line":28,"column":53}},"5":{"start":{"line":29,"column":18},"end":{"line":29,"column":81}},"6":{"start":{"line":31,"column":23},"end":{"line":37,"column":3}},"7":{"start":{"line":34,"column":21},"end":{"line":34,"column":39}},"8":{"start":{"line":35,"column":4},"end":{"line":35,"column":27}},"9":{"start":{"line":36,"column":4},"end":{"line":36,"column":30}},"10":{"start":{"line":39,"column":2},"end":{"line":122,"column":4}},"11":{"start":{"line":43,"column":78},"end":{"line":43,"column":92}}},"fnMap":{"0":{"name":"LogsRow","decl":{"start":{"line":15,"column":24},"end":{"line":15,"column":31}},"loc":{"start":{"line":23,"column":3},"end":{"line":123,"column":1}},"line":23},"1":{"name":"(anonymous_1)","decl":{"start":{"line":31,"column":23},"end":{"line":31,"column":24}},"loc":{"start":{"line":31,"column":29},"end":{"line":37,"column":3}},"line":31},"2":{"name":"(anonymous_2)","decl":{"start":{"line":43,"column":72},"end":{"line":43,"column":73}},"loc":{"start":{"line":43,"column":78},"end":{"line":43,"column":92}},"line":43}},"branchMap":{"0":{"loc":{"start":{"line":29,"column":18},"end":{"line":29,"column":81}},"type":"cond-expr","locations":[{"start":{"line":29,"column":66},"end":{"line":29,"column":72}},{"start":{"line":29,"column":75},"end":{"line":29,"column":81}}],"line":29},"1":{"loc":{"start":{"line":44,"column":13},"end":{"line":44,"column":63}},"type":"cond-expr","locations":[{"start":{"line":44,"column":20},"end":{"line":44,"column":39}},{"start":{"line":44,"column":42},"end":{"line":44,"column":63}}],"line":44},"2":{"loc":{"start":{"line":84,"column":13},"end":{"line":94,"column":13}},"type":"cond-expr","locations":[{"start":{"line":85,"column":14},"end":{"line":85,"column":17}},{"start":{"line":87,"column":14},"end":{"line":93,"column":17}}],"line":84},"3":{"loc":{"start":{"line":115,"column":17},"end":{"line":115,"column":27}},"type":"binary-expr","locations":[{"start":{"line":115,"column":17},"end":{"line":115,"column":20}},{"start":{"line":115,"column":24},"end":{"line":115,"column":27}}],"line":115}},"s":{"0":0,"1":0,"2":0,"3":0,"4":0,"5":0,"6":0,"7":0,"8":0,"9":0,"10":0,"11":0},"f":{"0":0,"1":0,"2":0},"b":{"0":[0,0],"1":[0,0],"2":[0,0],"3":[0,0]}}
,"/Users/junlee/Desktop/OSP/DockerPulse/ui/src/components/NavBar/NavBar.tsx": {"path":"/Users/junlee/Desktop/OSP/DockerPulse/ui/src/components/NavBar/NavBar.tsx","statementMap":{"0":{"start":{"line":6,"column":14},"end":{"line":10,"column":1}},"1":{"start":{"line":13,"column":28},"end":{"line":13,"column":39}},"2":{"start":{"line":15,"column":23},"end":{"line":17,"column":3}},"3":{"start":{"line":16,"column":4},"end":{"line":16,"column":23}},"4":{"start":{"line":19,"column":2},"end":{"line":33,"column":4}},"5":{"start":{"line":29,"column":10},"end":{"line":29,"column":58}}},"fnMap":{"0":{"name":"NavBar","decl":{"start":{"line":12,"column":24},"end":{"line":12,"column":30}},"loc":{"start":{"line":12,"column":33},"end":{"line":34,"column":1}},"line":12},"1":{"name":"(anonymous_1)","decl":{"start":{"line":15,"column":23},"end":{"line":15,"column":24}},"loc":{"start":{"line":15,"column":70},"end":{"line":17,"column":3}},"line":15},"2":{"name":"(anonymous_2)","decl":{"start":{"line":28,"column":19},"end":{"line":28,"column":20}},"loc":{"start":{"line":29,"column":10},"end":{"line":29,"column":58}},"line":29}},"branchMap":{},"s":{"0":0,"1":0,"2":0,"3":0,"4":0,"5":0},"f":{"0":0,"1":0,"2":0},"b":{}}
,"/Users/junlee/Desktop/OSP/DockerPulse/ui/src/components/RefreshMessage/RefreshMessage.tsx": {"path":"/Users/junlee/Desktop/OSP/DockerPulse/ui/src/components/RefreshMessage/RefreshMessage.tsx","statementMap":{"0":{"start":{"line":12,"column":2},"end":{"line":23,"column":9}},"1":{"start":{"line":13,"column":23},"end":{"line":15,"column":13}},"2":{"start":{"line":14,"column":6},"end":{"line":14,"column":72}},"3":{"start":{"line":14,"column":51},"end":{"line":14,"column":70}},"4":{"start":{"line":18,"column":4},"end":{"line":18,"column":70}},"5":{"start":{"line":18,"column":49},"end":{"line":18,"column":68}},"6":{"start":{"line":20,"column":4},"end":{"line":22,"column":6}},"7":{"start":{"line":21,"column":6},"end":{"line":21,"column":32}},"8":{"start":{"line":26,"column":2},"end":{"line":33,"column":3}},"9":{"start":{"line":27,"column":4},"end":{"line":27,"column":60}},"10":{"start":{"line":29,"column":25},"end":{"line":29,"column":62}},"11":{"start":{"line":30,"column":29},"end":{"line":30,"column":54}},"12":{"start":{"line":31,"column":26},"end":{"line":31,"column":65}},"13":{"start":{"line":32,"column":4},"end":{"line":32,"column":52}},"14":{"start":{"line":35,"column":2},"end":{"line":39,"column":4}}},"fnMap":{"0":{"name":"RefreshMessage","decl":{"start":{"line":8,"column":24},"end":{"line":8,"column":38}},"loc":{"start":{"line":11,"column":24},"end":{"line":40,"column":1}},"line":11},"1":{"name":"(anonymous_1)","decl":{"start":{"line":12,"column":12},"end":{"line":12,"column":13}},"loc":{"start":{"line":12,"column":18},"end":{"line":23,"column":3}},"line":12},"2":{"name":"(anonymous_2)","decl":{"start":{"line":13,"column":35},"end":{"line":13,"column":36}},"loc":{"start":{"line":13,"column":41},"end":{"line":15,"column":5}},"line":13},"3":{"name":"(anonymous_3)","decl":{"start":{"line":14,"column":30},"end":{"line":14,"column":31}},"loc":{"start":{"line":14,"column":51},"end":{"line":14,"column":70}},"line":14},"4":{"name":"(anonymous_4)","decl":{"start":{"line":18,"column":28},"end":{"line":18,"column":29}},"loc":{"start":{"line":18,"column":49},"end":{"line":18,"column":68}},"line":18},"5":{"name":"(anonymous_5)","decl":{"start":{"line":20,"column":11},"end":{"line":20,"column":12}},"loc":{"start":{"line":20,"column":17},"end":{"line":22,"column":5}},"line":20}},"branchMap":{"0":{"loc":{"start":{"line":26,"column":2},"end":{"line":33,"column":3}},"type":"if","locations":[{"start":{"line":26,"column":2},"end":{"line":33,"column":3}},{"start":{"line":28,"column":9},"end":{"line":33,"column":3}}],"line":26}},"s":{"0":0,"1":0,"2":0,"3":0,"4":0,"5":0,"6":0,"7":0,"8":0,"9":0,"10":0,"11":0,"12":0,"13":0,"14":0},"f":{"0":0,"1":0,"2":0,"3":0,"4":0,"5":0},"b":{"0":[0,0]}}
,"/Users/junlee/Desktop/OSP/DockerPulse/ui/src/components/StatsGraph/StatsGraph.tsx": {"path":"/Users/junlee/Desktop/OSP/DockerPulse/ui/src/components/StatsGraph/StatsGraph.tsx","statementMap":{"0":{"start":{"line":12,"column":27},"end":{"line":12,"column":51}},"1":{"start":{"line":14,"column":2},"end":{"line":29,"column":4}}},"fnMap":{"0":{"name":"StatsGraph","decl":{"start":{"line":8,"column":24},"end":{"line":8,"column":34}},"loc":{"start":{"line":8,"column":84},"end":{"line":30,"column":1}},"line":8}},"branchMap":{},"s":{"0":0,"1":0},"f":{"0":0},"b":{}}
,"/Users/junlee/Desktop/OSP/DockerPulse/ui/src/components/StatsRow/StatsRow.tsx": {"path":"/Users/junlee/Desktop/OSP/DockerPulse/ui/src/components/StatsRow/StatsRow.tsx","statementMap":{"0":{"start":{"line":17,"column":26},"end":{"line":17,"column":50}},"1":{"start":{"line":18,"column":23},"end":{"line":18,"column":28}},"2":{"start":{"line":19,"column":86},"end":{"line":19,"column":94}},"3":{"start":{"line":21,"column":2},"end":{"line":70,"column":4}},"4":{"start":{"line":25,"column":74},"end":{"line":25,"column":88}}},"fnMap":{"0":{"name":"StatsRow","decl":{"start":{"line":16,"column":24},"end":{"line":16,"column":32}},"loc":{"start":{"line":16,"column":45},"end":{"line":71,"column":1}},"line":16},"1":{"name":"(anonymous_1)","decl":{"start":{"line":25,"column":68},"end":{"line":25,"column":69}},"loc":{"start":{"line":25,"column":74},"end":{"line":25,"column":88}},"line":25}},"branchMap":{"0":{"loc":{"start":{"line":26,"column":13},"end":{"line":26,"column":63}},"type":"cond-expr","locations":[{"start":{"line":26,"column":20},"end":{"line":26,"column":39}},{"start":{"line":26,"column":42},"end":{"line":26,"column":63}}],"line":26}},"s":{"0":0,"1":0,"2":0,"3":0,"4":0},"f":{"0":0,"1":0},"b":{"0":[0,0]}}
,"/Users/junlee/Desktop/OSP/DockerPulse/ui/src/hooks/useStats.ts": {"path":"/Users/junlee/Desktop/OSP/DockerPulse/ui/src/hooks/useStats.ts","statementMap":{"0":{"start":{"line":5,"column":15},"end":{"line":5,"column":42}},"1":{"start":{"line":7,"column":31},"end":{"line":9,"column":1}},"2":{"start":{"line":8,"column":2},"end":{"line":8,"column":16}},"3":{"start":{"line":26,"column":24},"end":{"line":94,"column":1}},"4":{"start":{"line":27,"column":19},"end":{"line":27,"column":43}},"5":{"start":{"line":28,"column":34},"end":{"line":28,"column":59}},"6":{"start":{"line":54,"column":2},"end":{"line":91,"column":17}},"7":{"start":{"line":55,"column":33},"end":{"line":55,"column":35}},"8":{"start":{"line":57,"column":32},"end":{"line":57,"column":44}},"9":{"start":{"line":59,"column":19},"end":{"line":84,"column":5}},"10":{"start":{"line":65,"column":12},"end":{"line":73,"column":13}},"11":{"start":{"line":68,"column":14},"end":{"line":68,"column":35}},"12":{"start":{"line":69,"column":14},"end":{"line":69,"column":27}},"13":{"start":{"line":70,"column":14},"end":{"line":70,"column":85}},"14":{"start":{"line":72,"column":14},"end":{"line":72,"column":58}},"15":{"start":{"line":76,"column":12},"end":{"line":76,"column":33}},"16":{"start":{"line":79,"column":12},"end":{"line":79,"column":74}},"17":{"start":{"line":87,"column":4},"end":{"line":90,"column":6}},"18":{"start":{"line":88,"column":6},"end":{"line":88,"column":21}},"19":{"start":{"line":89,"column":6},"end":{"line":89,"column":19}},"20":{"start":{"line":93,"column":2},"end":{"line":93,"column":18}}},"fnMap":{"0":{"name":"(anonymous_0)","decl":{"start":{"line":7,"column":31},"end":{"line":7,"column":32}},"loc":{"start":{"line":7,"column":37},"end":{"line":9,"column":1}},"line":7},"1":{"name":"(anonymous_1)","decl":{"start":{"line":26,"column":24},"end":{"line":26,"column":25}},"loc":{"start":{"line":26,"column":30},"end":{"line":94,"column":1}},"line":26},"2":{"name":"(anonymous_2)","decl":{"start":{"line":54,"column":12},"end":{"line":54,"column":13}},"loc":{"start":{"line":54,"column":18},"end":{"line":91,"column":3}},"line":54},"3":{"name":"(anonymous_3)","decl":{"start":{"line":64,"column":10},"end":{"line":64,"column":11}},"loc":{"start":{"line":64,"column":25},"end":{"line":74,"column":11}},"line":64},"4":{"name":"(anonymous_4)","decl":{"start":{"line":75,"column":10},"end":{"line":75,"column":11}},"loc":{"start":{"line":75,"column":25},"end":{"line":77,"column":11}},"line":75},"5":{"name":"(anonymous_5)","decl":{"start":{"line":78,"column":10},"end":{"line":78,"column":11}},"loc":{"start":{"line":78,"column":28},"end":{"line":80,"column":11}},"line":78},"6":{"name":"(anonymous_6)","decl":{"start":{"line":87,"column":11},"end":{"line":87,"column":12}},"loc":{"start":{"line":87,"column":17},"end":{"line":90,"column":5}},"line":87}},"branchMap":{"0":{"loc":{"start":{"line":65,"column":12},"end":{"line":73,"column":13}},"type":"if","locations":[{"start":{"line":65,"column":12},"end":{"line":73,"column":13}},{"start":{"line":71,"column":19},"end":{"line":73,"column":13}}],"line":65},"1":{"loc":{"start":{"line":72,"column":38},"end":{"line":72,"column":55}},"type":"binary-expr","locations":[{"start":{"line":72,"column":38},"end":{"line":72,"column":49}},{"start":{"line":72,"column":53},"end":{"line":72,"column":55}}],"line":72}},"s":{"0":0,"1":0,"2":0,"3":0,"4":0,"5":0,"6":0,"7":0,"8":0,"9":0,"10":0,"11":0,"12":0,"13":0,"14":0,"15":0,"16":0,"17":0,"18":0,"19":0,"20":0},"f":{"0":0,"1":0,"2":0,"3":0,"4":0,"5":0,"6":0},"b":{"0":[0,0],"1":[0,0]}}
,"/Users/junlee/Desktop/OSP/DockerPulse/ui/src/pages/Alerts/Alerts.tsx": {"path":"/Users/junlee/Desktop/OSP/DockerPulse/ui/src/pages/Alerts/Alerts.tsx","statementMap":{"0":{"start":{"line":8,"column":29},"end":{"line":29,"column":1}},"1":{"start":{"line":32,"column":15},"end":{"line":32,"column":42}},"2":{"start":{"line":34,"column":2},"end":{"line":34,"column":16}},"3":{"start":{"line":38,"column":30},"end":{"line":38,"column":51}},"4":{"start":{"line":39,"column":38},"end":{"line":39,"column":53}},"5":{"start":{"line":41,"column":19},"end":{"line":41,"column":43}},"6":{"start":{"line":43,"column":2},"end":{"line":67,"column":4}},"7":{"start":{"line":55,"column":51},"end":{"line":55,"column":70}},"8":{"start":{"line":61,"column":14},"end":{"line":61,"column":38}},"9":{"start":{"line":80,"column":2},"end":{"line":138,"column":4}}},"fnMap":{"0":{"name":"useDockerDesktopClient","decl":{"start":{"line":33,"column":9},"end":{"line":33,"column":31}},"loc":{"start":{"line":33,"column":34},"end":{"line":35,"column":1}},"line":33},"1":{"name":"Alerts","decl":{"start":{"line":37,"column":24},"end":{"line":37,"column":30}},"loc":{"start":{"line":37,"column":33},"end":{"line":68,"column":1}},"line":37},"2":{"name":"(anonymous_2)","decl":{"start":{"line":55,"column":45},"end":{"line":55,"column":46}},"loc":{"start":{"line":55,"column":51},"end":{"line":55,"column":70}},"line":55},"3":{"name":"(anonymous_3)","decl":{"start":{"line":60,"column":24},"end":{"line":60,"column":25}},"loc":{"start":{"line":61,"column":14},"end":{"line":61,"column":38}},"line":61},"4":{"name":"AlertCard","decl":{"start":{"line":70,"column":9},"end":{"line":70,"column":18}},"loc":{"start":{"line":79,"column":10},"end":{"line":139,"column":1}},"line":79}},"branchMap":{},"s":{"0":0,"1":0,"2":0,"3":0,"4":0,"5":0,"6":0,"7":0,"8":0,"9":0},"f":{"0":0,"1":0,"2":0,"3":0,"4":0},"b":{}}
,"/Users/junlee/Desktop/OSP/DockerPulse/ui/src/pages/Logs/Logs.tsx": {"path":"/Users/junlee/Desktop/OSP/DockerPulse/ui/src/pages/Logs/Logs.tsx","statementMap":{"0":{"start":{"line":28,"column":23},"end":{"line":28,"column":64}},"1":{"start":{"line":31,"column":15},"end":{"line":31,"column":42}},"2":{"start":{"line":32,"column":31},"end":{"line":34,"column":1}},"3":{"start":{"line":33,"column":2},"end":{"line":33,"column":16}},"4":{"start":{"line":37,"column":24},"end":{"line":37,"column":81}},"5":{"start":{"line":38,"column":21},"end":{"line":55,"column":2}},"6":{"start":{"line":58,"column":29},"end":{"line":65,"column":1}},"7":{"start":{"line":68,"column":19},"end":{"line":68,"column":43}},"8":{"start":{"line":70,"column":38},"end":{"line":70,"column":53}},"9":{"start":{"line":71,"column":38},"end":{"line":71,"column":69}},"10":{"start":{"line":72,"column":26},"end":{"line":72,"column":51}},"11":{"start":{"line":73,"column":38},"end":{"line":73,"column":50}},"12":{"start":{"line":74,"column":54},"end":{"line":74,"column":66}},"13":{"start":{"line":75,"column":56},"end":{"line":75,"column":68}},"14":{"start":{"line":76,"column":56},"end":{"line":76,"column":92}},"15":{"start":{"line":77,"column":54},"end":{"line":77,"column":90}},"16":{"start":{"line":78,"column":58},"end":{"line":78,"column":69}},"17":{"start":{"line":79,"column":32},"end":{"line":83,"column":4}},"18":{"start":{"line":85,"column":2},"end":{"line":87,"column":9}},"19":{"start":{"line":86,"column":4},"end":{"line":86,"column":17}},"20":{"start":{"line":90,"column":20},"end":{"line":92,"column":9}},"21":{"start":{"line":91,"column":4},"end":{"line":91,"column":25}},"22":{"start":{"line":94,"column":2},"end":{"line":96,"column":18}},"23":{"start":{"line":95,"column":4},"end":{"line":95,"column":23}},"24":{"start":{"line":99,"column":21},"end":{"line":126,"column":3}},"25":{"start":{"line":100,"column":4},"end":{"line":125,"column":5}},"26":{"start":{"line":101,"column":28},"end":{"line":101,"column":62}},"27":{"start":{"line":102,"column":31},"end":{"line":102,"column":83}},"28":{"start":{"line":103,"column":6},"end":{"line":103,"column":35}},"29":{"start":{"line":104,"column":6},"end":{"line":104,"column":32}},"30":{"start":{"line":105,"column":6},"end":{"line":105,"column":96}},"31":{"start":{"line":105,"column":88},"end":{"line":105,"column":90}},"32":{"start":{"line":106,"column":41},"end":{"line":112,"column":7}},"33":{"start":{"line":107,"column":56},"end":{"line":110,"column":9}},"34":{"start":{"line":113,"column":6},"end":{"line":113,"column":57}},"35":{"start":{"line":114,"column":40},"end":{"line":120,"column":7}},"36":{"start":{"line":115,"column":48},"end":{"line":118,"column":9}},"37":{"start":{"line":121,"column":6},"end":{"line":121,"column":55}},"38":{"start":{"line":122,"column":6},"end":{"line":122,"column":33}},"39":{"start":{"line":124,"column":6},"end":{"line":124,"column":25}},"40":{"start":{"line":129,"column":30},"end":{"line":129,"column":54}},"41":{"start":{"line":130,"column":23},"end":{"line":141,"column":4}},"42":{"start":{"line":131,"column":4},"end":{"line":131,"column":61}},"43":{"start":{"line":131,"column":48},"end":{"line":131,"column":61}},"44":{"start":{"line":132,"column":4},"end":{"line":132,"column":61}},"45":{"start":{"line":132,"column":48},"end":{"line":132,"column":61}},"46":{"start":{"line":133,"column":4},"end":{"line":133,"column":66}},"47":{"start":{"line":133,"column":53},"end":{"line":133,"column":66}},"48":{"start":{"line":134,"column":24},"end":{"line":134,"column":60}},"49":{"start":{"line":135,"column":20},"end":{"line":135,"column":43}},"50":{"start":{"line":136,"column":24},"end":{"line":136,"column":54}},"51":{"start":{"line":137,"column":25},"end":{"line":137,"column":56}},"52":{"start":{"line":138,"column":4},"end":{"line":138,"column":71}},"53":{"start":{"line":138,"column":58},"end":{"line":138,"column":71}},"54":{"start":{"line":139,"column":4},"end":{"line":139,"column":70}},"55":{"start":{"line":139,"column":57},"end":{"line":139,"column":70}},"56":{"start":{"line":140,"column":4},"end":{"line":140,"column":16}},"57":{"start":{"line":143,"column":2},"end":{"line":232,"column":4}},"58":{"start":{"line":173,"column":33},"end":{"line":173,"column":50}},"59":{"start":{"line":178,"column":14},"end":{"line":178,"column":40}},"60":{"start":{"line":183,"column":14},"end":{"line":183,"column":34}},"61":{"start":{"line":184,"column":14},"end":{"line":184,"column":34}},"62":{"start":{"line":211,"column":18},"end":{"line":215,"column":30}},"63":{"start":{"line":221,"column":16},"end":{"line":225,"column":18}}},"fnMap":{"0":{"name":"(anonymous_0)","decl":{"start":{"line":32,"column":31},"end":{"line":32,"column":32}},"loc":{"start":{"line":32,"column":37},"end":{"line":34,"column":1}},"line":32},"1":{"name":"Logs","decl":{"start":{"line":67,"column":24},"end":{"line":67,"column":28}},"loc":{"start":{"line":67,"column":31},"end":{"line":233,"column":1}},"line":67},"2":{"name":"(anonymous_2)","decl":{"start":{"line":85,"column":12},"end":{"line":85,"column":13}},"loc":{"start":{"line":85,"column":18},"end":{"line":87,"column":3}},"line":85},"3":{"name":"(anonymous_3)","decl":{"start":{"line":90,"column":29},"end":{"line":90,"column":30}},"loc":{"start":{"line":90,"column":40},"end":{"line":92,"column":3}},"line":90},"4":{"name":"(anonymous_4)","decl":{"start":{"line":94,"column":12},"end":{"line":94,"column":13}},"loc":{"start":{"line":94,"column":18},"end":{"line":96,"column":3}},"line":94},"5":{"name":"(anonymous_5)","decl":{"start":{"line":99,"column":21},"end":{"line":99,"column":22}},"loc":{"start":{"line":99,"column":33},"end":{"line":126,"column":3}},"line":99},"6":{"name":"(anonymous_6)","decl":{"start":{"line":105,"column":76},"end":{"line":105,"column":77}},"loc":{"start":{"line":105,"column":88},"end":{"line":105,"column":90}},"line":105},"7":{"name":"(anonymous_7)","decl":{"start":{"line":107,"column":8},"end":{"line":107,"column":9}},"loc":{"start":{"line":107,"column":56},"end":{"line":110,"column":9}},"line":107},"8":{"name":"(anonymous_8)","decl":{"start":{"line":115,"column":8},"end":{"line":115,"column":9}},"loc":{"start":{"line":115,"column":48},"end":{"line":118,"column":9}},"line":115},"9":{"name":"(anonymous_9)","decl":{"start":{"line":130,"column":35},"end":{"line":130,"column":36}},"loc":{"start":{"line":130,"column":90},"end":{"line":141,"column":3}},"line":130},"10":{"name":"(anonymous_10)","decl":{"start":{"line":173,"column":27},"end":{"line":173,"column":28}},"loc":{"start":{"line":173,"column":33},"end":{"line":173,"column":50}},"line":173},"11":{"name":"(anonymous_11)","decl":{"start":{"line":177,"column":22},"end":{"line":177,"column":23}},"loc":{"start":{"line":177,"column":29},"end":{"line":179,"column":13}},"line":177},"12":{"name":"(anonymous_12)","decl":{"start":{"line":182,"column":21},"end":{"line":182,"column":22}},"loc":{"start":{"line":182,"column":28},"end":{"line":185,"column":13}},"line":182},"13":{"name":"(anonymous_13)","decl":{"start":{"line":210,"column":29},"end":{"line":210,"column":30}},"loc":{"start":{"line":211,"column":18},"end":{"line":215,"column":30}},"line":211},"14":{"name":"(anonymous_14)","decl":{"start":{"line":220,"column":32},"end":{"line":220,"column":33}},"loc":{"start":{"line":221,"column":16},"end":{"line":225,"column":18}},"line":221}},"branchMap":{"0":{"loc":{"start":{"line":40,"column":10},"end":{"line":40,"column":44}},"type":"cond-expr","locations":[{"start":{"line":40,"column":28},"end":{"line":40,"column":34}},{"start":{"line":40,"column":37},"end":{"line":40,"column":44}}],"line":40},"1":{"loc":{"start":{"line":42,"column":15},"end":{"line":42,"column":51}},"type":"cond-expr","locations":[{"start":{"line":42,"column":33},"end":{"line":42,"column":42}},{"start":{"line":42,"column":45},"end":{"line":42,"column":51}}],"line":42},"2":{"loc":{"start":{"line":45,"column":12},"end":{"line":45,"column":51}},"type":"cond-expr","locations":[{"start":{"line":45,"column":30},"end":{"line":45,"column":39}},{"start":{"line":45,"column":42},"end":{"line":45,"column":51}}],"line":45},"3":{"loc":{"start":{"line":46,"column":13},"end":{"line":46,"column":52}},"type":"cond-expr","locations":[{"start":{"line":46,"column":31},"end":{"line":46,"column":40}},{"start":{"line":46,"column":43},"end":{"line":46,"column":52}}],"line":46},"4":{"loc":{"start":{"line":47,"column":12},"end":{"line":47,"column":51}},"type":"cond-expr","locations":[{"start":{"line":47,"column":30},"end":{"line":47,"column":39}},{"start":{"line":47,"column":42},"end":{"line":47,"column":51}}],"line":47},"5":{"loc":{"start":{"line":50,"column":12},"end":{"line":50,"column":51}},"type":"cond-expr","locations":[{"start":{"line":50,"column":30},"end":{"line":50,"column":39}},{"start":{"line":50,"column":42},"end":{"line":50,"column":51}}],"line":50},"6":{"loc":{"start":{"line":51,"column":13},"end":{"line":51,"column":52}},"type":"cond-expr","locations":[{"start":{"line":51,"column":31},"end":{"line":51,"column":40}},{"start":{"line":51,"column":43},"end":{"line":51,"column":52}}],"line":51},"7":{"loc":{"start":{"line":52,"column":12},"end":{"line":52,"column":51}},"type":"cond-expr","locations":[{"start":{"line":52,"column":30},"end":{"line":52,"column":39}},{"start":{"line":52,"column":42},"end":{"line":52,"column":51}}],"line":52},"8":{"loc":{"start":{"line":131,"column":4},"end":{"line":131,"column":61}},"type":"if","locations":[{"start":{"line":131,"column":4},"end":{"line":131,"column":61}},{"start":{},"end":{}}],"line":131},"9":{"loc":{"start":{"line":131,"column":8},"end":{"line":131,"column":46}},"type":"binary-expr","locations":[{"start":{"line":131,"column":8},"end":{"line":131,"column":23}},{"start":{"line":131,"column":27},"end":{"line":131,"column":46}}],"line":131},"10":{"loc":{"start":{"line":132,"column":4},"end":{"line":132,"column":61}},"type":"if","locations":[{"start":{"line":132,"column":4},"end":{"line":132,"column":61}},{"start":{},"end":{}}],"line":132},"11":{"loc":{"start":{"line":132,"column":8},"end":{"line":132,"column":46}},"type":"binary-expr","locations":[{"start":{"line":132,"column":8},"end":{"line":132,"column":23}},{"start":{"line":132,"column":27},"end":{"line":132,"column":46}}],"line":132},"12":{"loc":{"start":{"line":133,"column":4},"end":{"line":133,"column":66}},"type":"if","locations":[{"start":{"line":133,"column":4},"end":{"line":133,"column":66}},{"start":{},"end":{}}],"line":133},"13":{"loc":{"start":{"line":138,"column":4},"end":{"line":138,"column":71}},"type":"if","locations":[{"start":{"line":138,"column":4},"end":{"line":138,"column":71}},{"start":{},"end":{}}],"line":138},"14":{"loc":{"start":{"line":139,"column":4},"end":{"line":139,"column":70}},"type":"if","locations":[{"start":{"line":139,"column":4},"end":{"line":139,"column":70}},{"start":{},"end":{}}],"line":139},"15":{"loc":{"start":{"line":139,"column":8},"end":{"line":139,"column":55}},"type":"binary-expr","locations":[{"start":{"line":139,"column":8},"end":{"line":139,"column":30}},{"start":{"line":139,"column":34},"end":{"line":139,"column":55}}],"line":139},"16":{"loc":{"start":{"line":172,"column":55},"end":{"line":172,"column":88}},"type":"cond-expr","locations":[{"start":{"line":172,"column":68},"end":{"line":172,"column":77}},{"start":{"line":172,"column":80},"end":{"line":172,"column":88}}],"line":172}},"s":{"0":0,"1":0,"2":0,"3":0,"4":0,"5":0,"6":0,"7":0,"8":0,"9":0,"10":0,"11":0,"12":0,"13":0,"14":0,"15":0,"16":0,"17":0,"18":0,"19":0,"20":0,"21":0,"22":0,"23":0,"24":0,"25":0,"26":0,"27":0,"28":0,"29":0,"30":0,"31":0,"32":0,"33":0,"34":0,"35":0,"36":0,"37":0,"38":0,"39":0,"40":0,"41":0,"42":0,"43":0,"44":0,"45":0,"46":0,"47":0,"48":0,"49":0,"50":0,"51":0,"52":0,"53":0,"54":0,"55":0,"56":0,"57":0,"58":0,"59":0,"60":0,"61":0,"62":0,"63":0},"f":{"0":0,"1":0,"2":0,"3":0,"4":0,"5":0,"6":0,"7":0,"8":0,"9":0,"10":0,"11":0,"12":0,"13":0,"14":0},"b":{"0":[0,0],"1":[0,0],"2":[0,0],"3":[0,0],"4":[0,0],"5":[0,0],"6":[0,0],"7":[0,0],"8":[0,0],"9":[0,0],"10":[0,0],"11":[0,0],"12":[0,0],"13":[0,0],"14":[0,0],"15":[0,0],"16":[0,0]}}
,"/Users/junlee/Desktop/OSP/DockerPulse/ui/src/pages/Stats/Stats.tsx": {"path":"/Users/junlee/Desktop/OSP/DockerPulse/ui/src/pages/Stats/Stats.tsx","statementMap":{"0":{"start":{"line":16,"column":38},"end":{"line":25,"column":1}},"1":{"start":{"line":28,"column":16},"end":{"line":28,"column":26}},"2":{"start":{"line":30,"column":2},"end":{"line":53,"column":4}},"3":{"start":{"line":36,"column":14},"end":{"line":38,"column":26}},"4":{"start":{"line":44,"column":12},"end":{"line":44,"column":39}}},"fnMap":{"0":{"name":"Stats","decl":{"start":{"line":27,"column":24},"end":{"line":27,"column":29}},"loc":{"start":{"line":27,"column":32},"end":{"line":54,"column":1}},"line":27},"1":{"name":"(anonymous_1)","decl":{"start":{"line":35,"column":25},"end":{"line":35,"column":26}},"loc":{"start":{"line":36,"column":14},"end":{"line":38,"column":26}},"line":36},"2":{"name":"(anonymous_2)","decl":{"start":{"line":43,"column":21},"end":{"line":43,"column":22}},"loc":{"start":{"line":44,"column":12},"end":{"line":44,"column":39}},"line":44}},"branchMap":{"0":{"loc":{"start":{"line":30,"column":9},"end":{"line":53,"column":3}},"type":"cond-expr","locations":[{"start":{"line":31,"column":4},"end":{"line":48,"column":21}},{"start":{"line":50,"column":4},"end":{"line":52,"column":10}}],"line":30}},"s":{"0":0,"1":0,"2":0,"3":0,"4":0},"f":{"0":0,"1":0,"2":0},"b":{"0":[0,0]}}
,"/Users/junlee/Desktop/OSP/DockerPulse/ui/src/stories/NavBar.stories.tsx": {"path":"/Users/junlee/Desktop/OSP/DockerPulse/ui/src/stories/NavBar.stories.tsx","statementMap":{"0":{"start":{"line":4,"column":34},"end":{"line":7,"column":1}},"1":{"start":{"line":12,"column":29},"end":{"line":12,"column":31}}},"fnMap":{},"branchMap":{},"s":{"0":0,"1":0},"f":{},"b":{}}
}
