TN:
SF:src/App.tsx
FN:8,App
FNF:1
FNH:0
FNDA:0,App
DA:9,0
LF:1
LH:0
BRF:0
BRH:0
end_of_record
TN:
SF:src/main.tsx
FNF:0
FNH:0
DA:9,0
LF:1
LH:0
BRF:0
BRH:0
end_of_record
TN:
SF:src/types.ts
FNF:0
FNH:0
LF:0
LH:0
BRF:0
BRH:0
end_of_record
TN:
SF:src/actions/fetchAllContainerLogs.ts
FN:3,fetchAllContainerLogs
FN:9,(anonymous_1)
FN:10,(anonymous_2)
FN:13,(anonymous_3)
FN:35,(anonymous_4)
FN:59,parseLogsString
FN:67,(anonymous_6)
FN:68,(anonymous_7)
FNF:8
FNH:0
FNDA:0,fetchAllContainerLogs
FNDA:0,(anonymous_1)
FNDA:0,(anonymous_2)
FNDA:0,(anonymous_3)
FNDA:0,(anonymous_4)
FNDA:0,parseLogsString
FNDA:0,(anonymous_6)
FNDA:0,(anonymous_7)
DA:7,0
DA:9,0
DA:10,0
DA:11,0
DA:16,0
DA:25,0
DA:33,0
DA:35,0
DA:40,0
DA:42,0
DA:43,0
DA:44,0
DA:45,0
DA:47,0
DA:51,0
DA:53,0
DA:54,0
DA:65,0
DA:67,0
DA:69,0
DA:70,0
DA:71,0
DA:72,0
LF:23
LH:0
BRDA:44,0,0,0
BRDA:44,0,1,0
BRF:2
BRH:0
end_of_record
TN:
SF:src/actions/fetchAllContainers.ts
FN:3,fetchAllContainers
FNF:1
FNH:0
FNDA:0,fetchAllContainers
DA:4,0
LF:1
LH:0
BRF:0
BRH:0
end_of_record
TN:
SF:src/components/AlertDialog/AlertDialog.tsx
FN:32,AlertDialog
FN:43,(anonymous_1)
FN:44,(anonymous_2)
FN:54,(anonymous_3)
FN:60,(anonymous_4)
FN:70,(anonymous_5)
FN:82,(anonymous_6)
FN:85,(anonymous_7)
FN:98,(anonymous_8)
FN:116,(anonymous_9)
FN:139,(anonymous_10)
FN:146,(anonymous_11)
FN:150,(anonymous_12)
FNF:13
FNH:0
FNDA:0,AlertDialog
FNDA:0,(anonymous_1)
FNDA:0,(anonymous_2)
FNDA:0,(anonymous_3)
FNDA:0,(anonymous_4)
FNDA:0,(anonymous_5)
FNDA:0,(anonymous_6)
FNDA:0,(anonymous_7)
FNDA:0,(anonymous_8)
FNDA:0,(anonymous_9)
FNDA:0,(anonymous_10)
FNDA:0,(anonymous_11)
FNDA:0,(anonymous_12)
DA:27,0
DA:33,0
DA:35,0
DA:43,0
DA:44,0
DA:45,0
DA:46,0
DA:47,0
DA:49,0
DA:54,0
DA:55,0
DA:56,0
DA:59,0
DA:60,0
DA:70,0
DA:82,0
DA:86,0
DA:99,0
DA:116,0
DA:139,0
DA:146,0
DA:151,0
DA:152,0
LF:23
LH:0
BRDA:89,0,0,0
BRDA:89,0,1,0
BRF:2
BRH:0
end_of_record
TN:
SF:src/components/ContainerIcon/ContainerIcon.tsx
FN:3,ContainerIcon
FNF:1
FNH:0
FNDA:0,ContainerIcon
DA:4,0
LF:1
LH:0
BRF:0
BRH:0
end_of_record
TN:
SF:src/components/FilterDrawer/FilterDrawer.tsx
FN:29,FilterDrawer
FN:43,(anonymous_1)
FN:48,(anonymous_2)
FN:52,(anonymous_3)
FN:57,(anonymous_4)
FN:61,(anonymous_5)
FN:65,(anonymous_6)
FN:66,(anonymous_7)
FN:73,(anonymous_8)
FN:87,(anonymous_9)
FN:107,(anonymous_10)
FN:124,(anonymous_11)
FN:139,(anonymous_12)
FN:167,(anonymous_13)
FN:188,(anonymous_14)
FN:217,(anonymous_15)
FN:227,(anonymous_16)
FNF:17
FNH:0
FNDA:0,FilterDrawer
FNDA:0,(anonymous_1)
FNDA:0,(anonymous_2)
FNDA:0,(anonymous_3)
FNDA:0,(anonymous_4)
FNDA:0,(anonymous_5)
FNDA:0,(anonymous_6)
FNDA:0,(anonymous_7)
FNDA:0,(anonymous_8)
FNDA:0,(anonymous_9)
FNDA:0,(anonymous_10)
FNDA:0,(anonymous_11)
FNDA:0,(anonymous_12)
FNDA:0,(anonymous_13)
FNDA:0,(anonymous_14)
FNDA:0,(anonymous_15)
FNDA:0,(anonymous_16)
DA:40,0
DA:41,0
DA:43,0
DA:44,0
DA:48,0
DA:49,0
DA:52,0
DA:53,0
DA:57,0
DA:58,0
DA:61,0
DA:62,0
DA:65,0
DA:66,0
DA:67,0
DA:73,0
DA:75,0
DA:77,0
DA:78,0
DA:80,0
DA:86,0
DA:87,0
DA:108,0
DA:125,0
DA:140,0
DA:168,0
DA:188,0
DA:218,0
DA:228,0
LF:29
LH:0
BRDA:49,0,0,0
BRDA:49,0,1,0
BRDA:53,1,0,0
BRDA:53,1,1,0
BRDA:69,2,0,0
BRDA:69,2,1,0
BRDA:77,3,0,0
BRDA:77,3,1,0
BRDA:105,4,0,0
BRDA:105,4,1,0
BRDA:159,5,0,0
BRDA:159,5,1,0
BRDA:220,6,0,0
BRDA:220,6,1,0
BRDA:230,7,0,0
BRDA:230,7,1,0
BRF:16
BRH:0
end_of_record
TN:
SF:src/components/LogsRow/LogsRow.tsx
FN:15,LogsRow
FN:31,(anonymous_1)
FN:43,(anonymous_2)
FNF:3
FNH:0
FNDA:0,LogsRow
FNDA:0,(anonymous_1)
FNDA:0,(anonymous_2)
DA:8,0
DA:24,0
DA:25,0
DA:26,0
DA:28,0
DA:29,0
DA:31,0
DA:34,0
DA:35,0
DA:36,0
DA:39,0
DA:43,0
LF:12
LH:0
BRDA:29,0,0,0
BRDA:29,0,1,0
BRDA:44,1,0,0
BRDA:44,1,1,0
BRDA:84,2,0,0
BRDA:84,2,1,0
BRDA:115,3,0,0
BRDA:115,3,1,0
BRF:8
BRH:0
end_of_record
TN:
SF:src/components/NavBar/NavBar.tsx
FN:12,NavBar
FN:15,(anonymous_1)
FN:28,(anonymous_2)
FNF:3
FNH:0
FNDA:0,NavBar
FNDA:0,(anonymous_1)
FNDA:0,(anonymous_2)
DA:6,0
DA:13,0
DA:15,0
DA:16,0
DA:19,0
DA:29,0
LF:6
LH:0
BRF:0
BRH:0
end_of_record
TN:
SF:src/components/RefreshMessage/RefreshMessage.tsx
FN:8,RefreshMessage
FN:12,(anonymous_1)
FN:13,(anonymous_2)
FN:14,(anonymous_3)
FN:18,(anonymous_4)
FN:20,(anonymous_5)
FNF:6
FNH:0
FNDA:0,RefreshMessage
FNDA:0,(anonymous_1)
FNDA:0,(anonymous_2)
FNDA:0,(anonymous_3)
FNDA:0,(anonymous_4)
FNDA:0,(anonymous_5)
DA:12,0
DA:13,0
DA:14,0
DA:18,0
DA:20,0
DA:21,0
DA:26,0
DA:27,0
DA:29,0
DA:30,0
DA:31,0
DA:32,0
DA:35,0
LF:13
LH:0
BRDA:26,0,0,0
BRDA:26,0,1,0
BRF:2
BRH:0
end_of_record
TN:
SF:src/components/StatsGraph/StatsGraph.tsx
FN:8,StatsGraph
FNF:1
FNH:0
FNDA:0,StatsGraph
DA:12,0
DA:14,0
LF:2
LH:0
BRF:0
BRH:0
end_of_record
TN:
SF:src/components/StatsRow/StatsRow.tsx
FN:16,StatsRow
FN:25,(anonymous_1)
FNF:2
FNH:0
FNDA:0,StatsRow
FNDA:0,(anonymous_1)
DA:17,0
DA:18,0
DA:19,0
DA:21,0
DA:25,0
LF:5
LH:0
BRDA:26,0,0,0
BRDA:26,0,1,0
BRF:2
BRH:0
end_of_record
TN:
SF:src/hooks/useStats.ts
FN:7,(anonymous_0)
FN:26,(anonymous_1)
FN:54,(anonymous_2)
FN:64,(anonymous_3)
FN:75,(anonymous_4)
FN:78,(anonymous_5)
FN:87,(anonymous_6)
FNF:7
FNH:0
FNDA:0,(anonymous_0)
FNDA:0,(anonymous_1)
FNDA:0,(anonymous_2)
FNDA:0,(anonymous_3)
FNDA:0,(anonymous_4)
FNDA:0,(anonymous_5)
FNDA:0,(anonymous_6)
DA:5,0
DA:7,0
DA:8,0
DA:26,0
DA:27,0
DA:28,0
DA:54,0
DA:55,0
DA:57,0
DA:59,0
DA:65,0
DA:68,0
DA:69,0
DA:70,0
DA:72,0
DA:76,0
DA:79,0
DA:87,0
DA:88,0
DA:89,0
DA:93,0
LF:21
LH:0
BRDA:65,0,0,0
BRDA:65,0,1,0
BRDA:72,1,0,0
BRDA:72,1,1,0
BRF:4
BRH:0
end_of_record
TN:
SF:src/pages/Alerts/Alerts.tsx
FN:33,useDockerDesktopClient
FN:37,Alerts
FN:55,(anonymous_2)
FN:60,(anonymous_3)
FN:70,AlertCard
FNF:5
FNH:0
FNDA:0,useDockerDesktopClient
FNDA:0,Alerts
FNDA:0,(anonymous_2)
FNDA:0,(anonymous_3)
FNDA:0,AlertCard
DA:8,0
DA:32,0
DA:34,0
DA:38,0
DA:39,0
DA:41,0
DA:43,0
DA:55,0
DA:61,0
DA:80,0
LF:10
LH:0
BRF:0
BRH:0
end_of_record
TN:
SF:src/pages/Logs/Logs.tsx
FN:32,(anonymous_0)
FN:67,Logs
FN:85,(anonymous_2)
FN:90,(anonymous_3)
FN:94,(anonymous_4)
FN:99,(anonymous_5)
FN:105,(anonymous_6)
FN:107,(anonymous_7)
FN:115,(anonymous_8)
FN:130,(anonymous_9)
FN:173,(anonymous_10)
FN:177,(anonymous_11)
FN:182,(anonymous_12)
FN:210,(anonymous_13)
FN:220,(anonymous_14)
FNF:15
FNH:0
FNDA:0,(anonymous_0)
FNDA:0,Logs
FNDA:0,(anonymous_2)
FNDA:0,(anonymous_3)
FNDA:0,(anonymous_4)
FNDA:0,(anonymous_5)
FNDA:0,(anonymous_6)
FNDA:0,(anonymous_7)
FNDA:0,(anonymous_8)
FNDA:0,(anonymous_9)
FNDA:0,(anonymous_10)
FNDA:0,(anonymous_11)
FNDA:0,(anonymous_12)
FNDA:0,(anonymous_13)
FNDA:0,(anonymous_14)
DA:28,0
DA:31,0
DA:32,0
DA:33,0
DA:37,0
DA:38,0
DA:58,0
DA:68,0
DA:70,0
DA:71,0
DA:72,0
DA:73,0
DA:74,0
DA:75,0
DA:76,0
DA:77,0
DA:78,0
DA:79,0
DA:85,0
DA:86,0
DA:90,0
DA:91,0
DA:94,0
DA:95,0
DA:99,0
DA:100,0
DA:101,0
DA:102,0
DA:103,0
DA:104,0
DA:105,0
DA:106,0
DA:107,0
DA:113,0
DA:114,0
DA:115,0
DA:121,0
DA:122,0
DA:124,0
DA:129,0
DA:130,0
DA:131,0
DA:132,0
DA:133,0
DA:134,0
DA:135,0
DA:136,0
DA:137,0
DA:138,0
DA:139,0
DA:140,0
DA:143,0
DA:173,0
DA:178,0
DA:183,0
DA:184,0
DA:211,0
DA:221,0
LF:58
LH:0
BRDA:40,0,0,0
BRDA:40,0,1,0
BRDA:42,1,0,0
BRDA:42,1,1,0
BRDA:45,2,0,0
BRDA:45,2,1,0
BRDA:46,3,0,0
BRDA:46,3,1,0
BRDA:47,4,0,0
BRDA:47,4,1,0
BRDA:50,5,0,0
BRDA:50,5,1,0
BRDA:51,6,0,0
BRDA:51,6,1,0
BRDA:52,7,0,0
BRDA:52,7,1,0
BRDA:131,8,0,0
BRDA:131,8,1,0
BRDA:131,9,0,0
BRDA:131,9,1,0
BRDA:132,10,0,0
BRDA:132,10,1,0
BRDA:132,11,0,0
BRDA:132,11,1,0
BRDA:133,12,0,0
BRDA:133,12,1,0
BRDA:138,13,0,0
BRDA:138,13,1,0
BRDA:139,14,0,0
BRDA:139,14,1,0
BRDA:139,15,0,0
BRDA:139,15,1,0
BRDA:172,16,0,0
BRDA:172,16,1,0
BRF:34
BRH:0
end_of_record
TN:
SF:src/pages/Stats/Stats.tsx
FN:27,Stats
FN:35,(anonymous_1)
FN:43,(anonymous_2)
FNF:3
FNH:0
FNDA:0,Stats
FNDA:0,(anonymous_1)
FNDA:0,(anonymous_2)
DA:16,0
DA:28,0
DA:30,0
DA:36,0
DA:44,0
LF:5
LH:0
BRDA:30,0,0,0
BRDA:30,0,1,0
BRF:2
BRH:0
end_of_record
TN:
SF:src/stories/NavBar.stories.tsx
FNF:0
FNH:0
DA:4,0
DA:12,0
LF:2
LH:0
BRF:0
BRH:0
end_of_record
